[2015-03-12 14:07:40] INFO  WEBrick 1.3.1
[2015-03-12 14:07:40] INFO  ruby 2.2.1 (2015-02-26) [x86_64-darwin14]
[2015-03-12 14:07:40] INFO  WEBrick::HTTPProxyServer#start: pid=1399 port=8080
[2015-03-12 14:09:31] INFO  going to shutdown ...
[2015-03-12 14:09:31] INFO  WEBrick::HTTPProxyServer#start done.
[2015-03-12 14:10:26] INFO  WEBrick 1.3.1
[2015-03-12 14:10:26] INFO  ruby 2.2.1 (2015-02-26) [x86_64-darwin14]
[2015-03-12 14:10:26] INFO  WEBrick::HTTPProxyServer#start: pid=1441 port=8888
[2015-03-12 14:11:07] INFO  going to shutdown ...
[2015-03-12 14:11:07] INFO  WEBrick::HTTPProxyServer#start done.
[2015-03-12 14:11:08] INFO  WEBrick 1.3.1
[2015-03-12 14:11:08] INFO  ruby 2.2.1 (2015-02-26) [x86_64-darwin14]
[2015-03-12 14:11:08] INFO  WEBrick::HTTPProxyServer#start: pid=1453 port=8888
[2015-03-12 14:11:47] INFO  going to shutdown ...
[2015-03-12 14:11:47] INFO  WEBrick::HTTPProxyServer#start done.
[2015-03-12 14:15:31] INFO  WEBrick 1.3.1
[2015-03-12 14:15:31] INFO  ruby 2.2.1 (2015-02-26) [x86_64-darwin14]
[2015-03-12 14:15:31] INFO  WEBrick::HTTPProxyServer#start: pid=1622 port=8888
[2015-03-12 14:16:55] INFO  going to shutdown ...
[2015-03-12 14:16:55] INFO  WEBrick::HTTPProxyServer#start done.
[2015-03-12 14:17:44] INFO  WEBrick 1.3.1
[2015-03-12 14:17:44] INFO  ruby 2.2.1 (2015-02-26) [x86_64-darwin14]
[2015-03-12 14:17:44] INFO  WEBrick::HTTPProxyServer#start: pid=1665 port=8888
[2015-03-12 14:19:28] INFO  WEBrick 1.3.1
[2015-03-12 14:19:28] INFO  ruby 2.2.1 (2015-02-26) [x86_64-darwin14]
[2015-03-12 14:19:28] INFO  WEBrick::HTTPProxyServer#start: pid=1682 port=8888
[2015-03-12 14:19:30] INFO  going to shutdown ...
[2015-03-12 14:19:30] INFO  WEBrick::HTTPProxyServer#start done.
[2015-03-12 14:19:32] INFO  WEBrick 1.3.1
[2015-03-12 14:19:32] INFO  ruby 2.2.1 (2015-02-26) [x86_64-darwin14]
[2015-03-12 14:19:32] INFO  WEBrick::HTTPProxyServer#start: pid=1691 port=8888
[2015-03-12 14:19:41] INFO  going to shutdown ...
[2015-03-12 14:19:41] INFO  WEBrick::HTTPProxyServer#start done.
[2015-03-12 14:22:50] INFO  WEBrick 1.3.1
[2015-03-12 14:22:50] INFO  ruby 2.2.1 (2015-02-26) [x86_64-darwin14]
[2015-03-12 14:22:50] INFO  WEBrick::HTTPProxyServer#start: pid=1729 port=8888
[2015-03-12 14:23:06] INFO  going to shutdown ...
[2015-03-12 14:23:06] INFO  WEBrick::HTTPProxyServer#start done.
[2015-03-12 14:23:34] INFO  WEBrick 1.3.1
[2015-03-12 14:23:34] INFO  ruby 2.2.1 (2015-02-26) [x86_64-darwin14]
[2015-03-12 14:23:34] INFO  WEBrick::HTTPProxyServer#start: pid=1837 port=8888
[2015-03-12 14:23:53] INFO  going to shutdown ...
[2015-03-12 14:23:53] INFO  WEBrick::HTTPProxyServer#start done.
[2015-03-12 14:24:35] INFO  WEBrick 1.3.1
[2015-03-12 14:24:35] INFO  ruby 2.2.1 (2015-02-26) [x86_64-darwin14]
[2015-03-12 14:24:35] INFO  WEBrick::HTTPProxyServer#start: pid=1893 port=8888
[2015-03-12 14:25:42] INFO  going to shutdown ...
[2015-03-12 14:25:42] INFO  WEBrick::HTTPProxyServer#start done.
[2015-03-12 14:27:33] INFO  WEBrick 1.3.1
[2015-03-12 14:27:33] INFO  ruby 2.2.1 (2015-02-26) [x86_64-darwin14]
[2015-03-12 14:27:33] INFO  WEBrick::HTTPProxyServer#start: pid=1957 port=8888
[2015-03-12 14:29:07] INFO  going to shutdown ...
[2015-03-12 14:29:07] INFO  WEBrick::HTTPProxyServer#start done.
[2015-03-12 14:32:23] INFO  WEBrick 1.3.1
[2015-03-12 14:32:23] INFO  ruby 2.2.1 (2015-02-26) [x86_64-darwin14]
[2015-03-12 14:32:23] INFO  WEBrick::HTTPProxyServer#start: pid=1974 port=8888
[2015-03-12 14:33:39] ERROR TypeError: type mismatch: String given
	/Users/ztz/Code/sqli-hunter/lib/hunter/captor.rb:23:in `=~'
	/Users/ztz/Code/sqli-hunter/lib/hunter/captor.rb:23:in `block in filter'
	/Users/ztz/Code/sqli-hunter/lib/hunter/captor.rb:22:in `each'
	/Users/ztz/Code/sqli-hunter/lib/hunter/captor.rb:22:in `filter'
	/Users/ztz/Code/sqli-hunter/lib/hunter/captor.rb:8:in `block in initialize'
	/Users/ztz/.rvm/rubies/ruby-2.2.1/lib/ruby/2.2.0/webrick/httpproxy.rb:128:in `call'
	/Users/ztz/.rvm/rubies/ruby-2.2.1/lib/ruby/2.2.0/webrick/httpproxy.rb:128:in `proxy_service'
	/Users/ztz/.rvm/rubies/ruby-2.2.1/lib/ruby/2.2.0/webrick/httpproxy.rb:94:in `service'
	/Users/ztz/.rvm/rubies/ruby-2.2.1/lib/ruby/2.2.0/webrick/httpserver.rb:94:in `run'
	/Users/ztz/.rvm/rubies/ruby-2.2.1/lib/ruby/2.2.0/webrick/server.rb:294:in `block in start_thread'
[2015-03-12 14:34:19] ERROR TypeError: type mismatch: String given
	/Users/ztz/Code/sqli-hunter/lib/hunter/captor.rb:23:in `=~'
	/Users/ztz/Code/sqli-hunter/lib/hunter/captor.rb:23:in `block in filter'
	/Users/ztz/Code/sqli-hunter/lib/hunter/captor.rb:22:in `each'
	/Users/ztz/Code/sqli-hunter/lib/hunter/captor.rb:22:in `filter'
	/Users/ztz/Code/sqli-hunter/lib/hunter/captor.rb:8:in `block in initialize'
	/Users/ztz/.rvm/rubies/ruby-2.2.1/lib/ruby/2.2.0/webrick/httpproxy.rb:128:in `call'
	/Users/ztz/.rvm/rubies/ruby-2.2.1/lib/ruby/2.2.0/webrick/httpproxy.rb:128:in `proxy_service'
	/Users/ztz/.rvm/rubies/ruby-2.2.1/lib/ruby/2.2.0/webrick/httpproxy.rb:94:in `service'
	/Users/ztz/.rvm/rubies/ruby-2.2.1/lib/ruby/2.2.0/webrick/httpserver.rb:94:in `run'
	/Users/ztz/.rvm/rubies/ruby-2.2.1/lib/ruby/2.2.0/webrick/server.rb:294:in `block in start_thread'
[2015-03-12 14:34:19] INFO  going to shutdown ...
[2015-03-12 14:34:19] INFO  WEBrick::HTTPProxyServer#start done.
[2015-03-12 14:34:21] INFO  WEBrick 1.3.1
[2015-03-12 14:34:21] INFO  ruby 2.2.1 (2015-02-26) [x86_64-darwin14]
[2015-03-12 14:34:21] INFO  WEBrick::HTTPProxyServer#start: pid=1983 port=8888
[2015-03-12 14:35:11] ERROR TypeError: type mismatch: String given
	/Users/ztz/Code/sqli-hunter/lib/hunter/captor.rb:23:in `=~'
	/Users/ztz/Code/sqli-hunter/lib/hunter/captor.rb:23:in `block in filter'
	/Users/ztz/Code/sqli-hunter/lib/hunter/captor.rb:22:in `each'
	/Users/ztz/Code/sqli-hunter/lib/hunter/captor.rb:22:in `filter'
	/Users/ztz/Code/sqli-hunter/lib/hunter/captor.rb:8:in `block in initialize'
	/Users/ztz/.rvm/rubies/ruby-2.2.1/lib/ruby/2.2.0/webrick/httpproxy.rb:128:in `call'
	/Users/ztz/.rvm/rubies/ruby-2.2.1/lib/ruby/2.2.0/webrick/httpproxy.rb:128:in `proxy_service'
	/Users/ztz/.rvm/rubies/ruby-2.2.1/lib/ruby/2.2.0/webrick/httpproxy.rb:94:in `service'
	/Users/ztz/.rvm/rubies/ruby-2.2.1/lib/ruby/2.2.0/webrick/httpserver.rb:94:in `run'
	/Users/ztz/.rvm/rubies/ruby-2.2.1/lib/ruby/2.2.0/webrick/server.rb:294:in `block in start_thread'
[2015-03-12 14:35:11] INFO  going to shutdown ...
[2015-03-12 14:35:11] INFO  WEBrick::HTTPProxyServer#start done.
[2015-03-12 14:35:13] INFO  WEBrick 1.3.1
[2015-03-12 14:35:13] INFO  ruby 2.2.1 (2015-02-26) [x86_64-darwin14]
[2015-03-12 14:35:13] INFO  WEBrick::HTTPProxyServer#start: pid=1988 port=8888
[2015-03-12 14:35:53] INFO  going to shutdown ...
[2015-03-12 14:35:53] INFO  WEBrick::HTTPProxyServer#start done.
[2015-03-12 14:41:57] INFO  WEBrick 1.3.1
[2015-03-12 14:41:57] INFO  ruby 2.2.1 (2015-02-26) [x86_64-darwin14]
[2015-03-12 14:41:57] INFO  WEBrick::HTTPProxyServer#start: pid=2021 port=8888
[2015-03-12 14:42:58] INFO  going to shutdown ...
[2015-03-12 14:42:58] INFO  WEBrick::HTTPProxyServer#start done.
[2015-03-12 14:53:58] INFO  WEBrick 1.3.1
[2015-03-12 14:53:58] INFO  ruby 2.2.1 (2015-02-26) [x86_64-darwin14]
[2015-03-12 14:53:58] INFO  WEBrick::HTTPProxyServer#start: pid=2127 port=8888
[2015-03-12 14:54:28] ERROR TypeError: type mismatch: String given
	/Users/ztz/Code/sqli-hunter/lib/hunter/captor.rb:24:in `=~'
	/Users/ztz/Code/sqli-hunter/lib/hunter/captor.rb:24:in `block in filter'
	/Users/ztz/Code/sqli-hunter/lib/hunter/captor.rb:23:in `each'
	/Users/ztz/Code/sqli-hunter/lib/hunter/captor.rb:23:in `filter'
	/Users/ztz/Code/sqli-hunter/lib/hunter/captor.rb:8:in `block in initialize'
	/Users/ztz/.rvm/rubies/ruby-2.2.1/lib/ruby/2.2.0/webrick/httpproxy.rb:128:in `call'
	/Users/ztz/.rvm/rubies/ruby-2.2.1/lib/ruby/2.2.0/webrick/httpproxy.rb:128:in `proxy_service'
	/Users/ztz/.rvm/rubies/ruby-2.2.1/lib/ruby/2.2.0/webrick/httpproxy.rb:94:in `service'
	/Users/ztz/.rvm/rubies/ruby-2.2.1/lib/ruby/2.2.0/webrick/httpserver.rb:94:in `run'
	/Users/ztz/.rvm/rubies/ruby-2.2.1/lib/ruby/2.2.0/webrick/server.rb:294:in `block in start_thread'
[2015-03-12 14:54:28] ERROR TypeError: type mismatch: String given
	/Users/ztz/Code/sqli-hunter/lib/hunter/captor.rb:24:in `=~'
	/Users/ztz/Code/sqli-hunter/lib/hunter/captor.rb:24:in `block in filter'
	/Users/ztz/Code/sqli-hunter/lib/hunter/captor.rb:23:in `each'
	/Users/ztz/Code/sqli-hunter/lib/hunter/captor.rb:23:in `filter'
	/Users/ztz/Code/sqli-hunter/lib/hunter/captor.rb:8:in `block in initialize'
	/Users/ztz/.rvm/rubies/ruby-2.2.1/lib/ruby/2.2.0/webrick/httpproxy.rb:128:in `call'
	/Users/ztz/.rvm/rubies/ruby-2.2.1/lib/ruby/2.2.0/webrick/httpproxy.rb:128:in `proxy_service'
	/Users/ztz/.rvm/rubies/ruby-2.2.1/lib/ruby/2.2.0/webrick/httpproxy.rb:94:in `service'
	/Users/ztz/.rvm/rubies/ruby-2.2.1/lib/ruby/2.2.0/webrick/httpserver.rb:94:in `run'
	/Users/ztz/.rvm/rubies/ruby-2.2.1/lib/ruby/2.2.0/webrick/server.rb:294:in `block in start_thread'
[2015-03-12 14:54:28] INFO  going to shutdown ...
[2015-03-12 14:54:28] INFO  WEBrick::HTTPProxyServer#start done.
[2015-03-12 14:54:36] INFO  WEBrick 1.3.1
[2015-03-12 14:54:36] INFO  ruby 2.2.1 (2015-02-26) [x86_64-darwin14]
[2015-03-12 14:54:36] INFO  WEBrick::HTTPProxyServer#start: pid=2135 port=8888
[2015-03-12 14:56:16] INFO  going to shutdown ...
[2015-03-12 14:56:16] INFO  WEBrick::HTTPProxyServer#start done.
[2015-03-12 14:58:08] INFO  WEBrick 1.3.1
[2015-03-12 14:58:08] INFO  ruby 2.2.1 (2015-02-26) [x86_64-darwin14]
[2015-03-12 14:58:08] INFO  WEBrick::HTTPProxyServer#start: pid=2154 port=8888
[2015-03-12 14:58:38] INFO  going to shutdown ...
[2015-03-12 14:58:38] INFO  WEBrick::HTTPProxyServer#start done.
[2015-03-12 15:05:38] INFO  WEBrick 1.3.1
[2015-03-12 15:05:38] INFO  ruby 2.2.1 (2015-02-26) [x86_64-darwin14]
[2015-03-12 15:05:38] INFO  WEBrick::HTTPProxyServer#start: pid=2189 port=8888
[2015-03-12 15:09:33] INFO  going to shutdown ...
[2015-03-12 15:09:33] INFO  WEBrick::HTTPProxyServer#start done.
